<?xml version="1.0" encoding="UTF-8"?>
<!-- Generated by org.testng.reporters.JUnitXMLReporter -->
<testsuite ignored="0" hostname="DESKTOP-V89NTNP" failures="0" tests="4" name="Test" time="31.523" errors="0" timestamp="2024-05-24T17:34:03 IST">
  <testcase classname="tests.TwoTest" name="testTwo" time="0.004"/>
  <testcase classname="tests.ThreeTest" name="testThree" time="0.0"/>
  <testcase classname="tests.LoginTest" name="login" time="6.729"/>
  <testcase classname="tests.LoginTest" name="login" time="16.387"/>
</testsuite> <!-- Test -->
