<?xml version="1.0" encoding="UTF-8"?>
<testng-results ignored="0" total="4" passed="4" failed="0" skipped="0">
  <reporter-output>
  </reporter-output>
  <suite started-at="2024-05-24T17:33:31 IST" name="Suite" finished-at="2024-05-24T17:34:03 IST" duration-ms="31523">
    <groups>
    </groups>
    <test started-at="2024-05-24T17:33:31 IST" name="Test" finished-at="2024-05-24T17:34:03 IST" duration-ms="31523">
      <class name="tests.LoginTest">
        <test-method is-config="true" signature="openApplication()[pri:0, instance:tests.LoginTest@6c130c45]" started-at="2024-05-24T17:33:31 IST" name="openApplication" finished-at="2024-05-24T17:33:36 IST" duration-ms="4666" status="PASS">
          <reporter-output>
          </reporter-output>
        </test-method> <!-- openApplication -->
        <test-method signature="login(java.lang.String,java.lang.String,java.lang.String)[pri:0, instance:tests.LoginTest@6c130c45]" started-at="2024-05-24T17:33:36 IST" name="login" data-provider="getLoginData" finished-at="2024-05-24T17:33:43 IST" duration-ms="6729" status="PASS">
          <params>
            <param index="0">
              <value>
                <![CDATA[dinesh@yopmail.com]]>
              </value>
            </param>
            <param index="1">
              <value>
                <![CDATA[Welcome@11]]>
              </value>
            </param>
            <param index="2">
              <value>
                <![CDATA[Success]]>
              </value>
            </param>
          </params>
          <reporter-output>
          </reporter-output>
        </test-method> <!-- login -->
        <test-method is-config="true" signature="tearDown()[pri:0, instance:tests.LoginTest@6c130c45]" started-at="2024-05-24T17:33:43 IST" name="tearDown" finished-at="2024-05-24T17:33:43 IST" duration-ms="75" status="PASS">
          <reporter-output>
          </reporter-output>
        </test-method> <!-- tearDown -->
        <test-method is-config="true" signature="openApplication()[pri:0, instance:tests.LoginTest@6c130c45]" started-at="2024-05-24T17:33:43 IST" name="openApplication" finished-at="2024-05-24T17:33:46 IST" duration-ms="3516" status="PASS">
          <reporter-output>
          </reporter-output>
        </test-method> <!-- openApplication -->
        <test-method signature="login(java.lang.String,java.lang.String,java.lang.String)[pri:0, instance:tests.LoginTest@6c130c45]" started-at="2024-05-24T17:33:46 IST" name="login" data-provider="getLoginData" finished-at="2024-05-24T17:34:03 IST" duration-ms="16387" status="PASS">
          <params>
            <param index="0">
              <value>
                <![CDATA[phaniatw@gmail.com]]>
              </value>
            </param>
            <param index="1">
              <value>
                <![CDATA[atw@123]]>
              </value>
            </param>
            <param index="2">
              <value>
                <![CDATA[Failure]]>
              </value>
            </param>
          </params>
          <reporter-output>
          </reporter-output>
        </test-method> <!-- login -->
        <test-method is-config="true" signature="tearDown()[pri:0, instance:tests.LoginTest@6c130c45]" started-at="2024-05-24T17:34:03 IST" name="tearDown" finished-at="2024-05-24T17:34:03 IST" duration-ms="111" status="PASS">
          <reporter-output>
          </reporter-output>
        </test-method> <!-- tearDown -->
      </class> <!-- tests.LoginTest -->
      <class name="tests.ThreeTest">
        <test-method signature="testThree()[pri:0, instance:tests.ThreeTest@5f9b2141]" started-at="2024-05-24T17:33:31 IST" name="testThree" finished-at="2024-05-24T17:33:31 IST" duration-ms="0" status="PASS">
          <reporter-output>
          </reporter-output>
        </test-method> <!-- testThree -->
      </class> <!-- tests.ThreeTest -->
      <class name="tests.TwoTest">
        <test-method signature="testTwo()[pri:0, instance:tests.TwoTest@41fecb8b]" started-at="2024-05-24T17:33:31 IST" name="testTwo" finished-at="2024-05-24T17:33:31 IST" duration-ms="4" status="PASS">
          <reporter-output>
          </reporter-output>
        </test-method> <!-- testTwo -->
      </class> <!-- tests.TwoTest -->
    </test> <!-- Test -->
  </suite> <!-- Suite -->
</testng-results>
